<?xml version="1.0" encoding="UTF-8"?>
<!-- Generated by org.testng.reporters.JUnitReportReporter -->
<testsuite skipped="0" hostname="WIN-09Q94745HUF" name="tests.CalculatorTest" tests="2" failures="0" timestamp="2020-08-19T18:51:55 GMT+03:00" time="106.877" errors="0">
  <testcase name="GoogleCloudCalculatorTestWithSendingEmail" time="45.547" classname="tests.CalculatorTest"/>
  <system-out/>
  <testcase name="GoogleCloudCalculatorTestWithSendingEmail" time="61.330" classname="tests.CalculatorTest"/>
  <system-out/>
</testsuite> <!-- tests.CalculatorTest -->
