<?xml version="1.0" encoding="UTF-8"?>
<!-- Generated by org.testng.reporters.JUnitReportReporter -->
<testsuite skipped="0" hostname="WIN-09Q94745HUF" name="tests.CalculatorTest" tests="1" failures="0" timestamp="2020-08-26T19:11:06 GMT+03:00" time="52.284" errors="0">
  <testcase name="GoogleCloudCalculatorTestWithSendingEmail" time="52.284" classname="tests.CalculatorTest"/>
  <system-out/>
</testsuite> <!-- tests.CalculatorTest -->
